12-10 17:54:39 [INFOS] Checking for external overrides...
12-10 17:54:39 [INFOS] Dumping all loaded entities to a file...
12-10 17:54:39 [INFOS] Finding all Spawn List Entries...
12-10 17:54:39 [INFOS] Generating default biomes list...
12-10 17:54:39 [INFOS] Validating all biomes...
12-10 17:54:39 [INFOS] All biomes have valid names
12-10 17:54:39 [INFOS] Creating Default Spawn Configuration...
12-10 17:54:39 [INFOS] Creating a SpawnConfiguration for file C:\Users\Quinou\Desktop\XcubDev\.\DefaultSpawnConfiguration.txt
12-10 17:54:39 [INFOS] Attempting to set SpawnCap to 70 for "monster"
12-10 17:54:39 [INFOS] Attempting to set SpawnCap to 15 for "creature"
12-10 17:54:39 [INFOS] Attempting to set SpawnCap to 5 for "waterCreature"
12-10 17:54:39 [INFOS] Attempting to set SpawnCap to 15 for "ambient"
12-10 17:54:39 [INFOS] Trying to load Spawn Configuration...
12-10 17:54:39 [INFOS] Attempting to set SpawnCap to 70 for "monster"
12-10 17:54:39 [INFOS] Attempting to set SpawnCap to 15 for "creature"
12-10 17:54:39 [INFOS] Attempting to set SpawnCap to 5 for "waterCreature"
12-10 17:54:39 [INFOS] Attempting to set SpawnCap to 15 for "ambient"
12-10 17:54:39 [INFOS] Trying to save Spawn Configuration...
12-10 17:54:42 [INFOS] Creating a SpawnConfiguration for file C:\Users\Quinou\Desktop\XcubDev\.\world\SpawnConfiguration.txt
12-10 17:54:42 [INFOS] Attempting to set SpawnCap to 70 for "monster"
12-10 17:54:42 [INFOS] Attempting to set SpawnCap to 15 for "creature"
12-10 17:54:42 [INFOS] Attempting to set SpawnCap to 5 for "waterCreature"
12-10 17:54:42 [INFOS] Attempting to set SpawnCap to 15 for "ambient"
12-10 17:54:42 [INFOS] Trying to load Spawn Configuration...
12-10 17:54:42 [INFOS] Attempting to set SpawnCap to 70 for "monster"
12-10 17:54:42 [INFOS] Attempting to set SpawnCap to 15 for "creature"
12-10 17:54:42 [INFOS] Attempting to set SpawnCap to 5 for "waterCreature"
12-10 17:54:42 [INFOS] Attempting to set SpawnCap to 15 for "ambient"
12-10 17:54:42 [INFOS] Trying to save Spawn Configuration...
